\BOOKMARK [-1][-]{part.1}{\376\377\000I\000\040\000I\000n\000t\000r\000o\000d\000u\000c\000t\000i\000o\000n}{}% 1
\BOOKMARK [0][-]{chapter.1}{\376\377\000M\000a\000t\000h\000e\000m\000a\000t\000i\000c\000a\000l\000\040\000R\000e\000a\000s\000o\000n\000i\000n\000g\000\040\000a\000n\000d\000\040\000L\000o\000g\000i\000c}{part.1}% 2
\BOOKMARK [1][-]{section.1.1}{\376\377\000L\000o\000g\000i\000c\000a\000l\000\040\000s\000t\000a\000t\000e\000m\000e\000n\000t\000s\000\040\000a\000n\000d\000\040\000n\000o\000t\000a\000t\000i\000o\000n}{chapter.1}% 3
\BOOKMARK [2][-]{subsection.1.1.1}{\376\377\000N\000o\000t\000a\000t\000i\000o\000n}{section.1.1}% 4
\BOOKMARK [2][-]{subsection.1.1.2}{\376\377\000I\000f\000,\000\040\000o\000n\000l\000y\000\040\000i\000f\000,\000\040\000-\0003\000.\0001\000m\000u}{section.1.1}% 5
\BOOKMARK [2][-]{subsection.1.1.3}{\376\377\000I\000f\000\040\000a\000n\000d\000\040\000o\000n\000l\000y\000\040\000i\000f\000,\000\040\000i\000f\000f\000,\000\040\000-\0003\000.\0001\000m\000u}{section.1.1}% 6
\BOOKMARK [2][-]{subsection.1.1.4}{\376\377\000Q\000u\000a\000n\000t\000i\000f\000i\000e\000r\000s}{section.1.1}% 7
\BOOKMARK [1][-]{section.1.2}{\376\377\000P\000r\000o\000o\000f\000s}{chapter.1}% 8
\BOOKMARK [2][-]{subsection.1.2.1}{\376\377\000D\000i\000r\000e\000c\000t\000\040\000P\000r\000o\000o\000f}{section.1.2}% 9
\BOOKMARK [2][-]{subsection.1.2.2}{\376\377\000P\000r\000o\000o\000f\000\040\000b\000y\000\040\000C\000o\000n\000t\000r\000a\000p\000o\000s\000i\000t\000i\000v\000e}{section.1.2}% 10
\BOOKMARK [2][-]{subsection.1.2.3}{\376\377\000P\000r\000o\000o\000f\000\040\000b\000y\000\040\000M\000a\000t\000h\000e\000m\000a\000t\000i\000c\000a\000l\000\040\000I\000n\000d\000u\000c\000t\000i\000o\000n}{section.1.2}% 11
\BOOKMARK [2][-]{subsection.1.2.4}{\376\377\000D\000i\000s\000p\000r\000o\000o\000f\000\040\000b\000y\000\040\000C\000o\000u\000n\000t\000e\000r\000e\000x\000a\000m\000p\000l\000e}{section.1.2}% 12
\BOOKMARK [2][-]{subsection.1.2.5}{\376\377\000P\000r\000o\000o\000f\000\040\000b\000y\000\040\000C\000o\000n\000t\000r\000a\000d\000i\000c\000t\000i\000o\000n}{section.1.2}% 13
\BOOKMARK [2][-]{subsection.1.2.6}{\376\377\000P\000r\000o\000o\000f\000\040\000o\000f\000\040\000E\000x\000i\000s\000t\000e\000n\000c\000e}{section.1.2}% 14
\BOOKMARK [2][-]{subsection.1.2.7}{\376\377\000P\000r\000o\000o\000f\000\040\000b\000y\000\040\000C\000o\000n\000s\000t\000r\000u\000c\000t\000i\000o\000n}{section.1.2}% 15
\BOOKMARK [0][-]{chapter.2}{\376\377\000S\000e\000t\000\040\000T\000h\000e\000o\000r\000y}{part.1}% 16
\BOOKMARK [1][-]{section.2.1}{\376\377\000B\000a\000s\000i\000c\000s}{chapter.2}% 17
\BOOKMARK [2][-]{subsection.2.1.1}{\376\377\000N\000o\000t\000a\000t\000i\000o\000n}{section.2.1}% 18
\BOOKMARK [2][-]{subsection.2.1.2}{\376\377\000A\000l\000g\000e\000b\000r\000a\000\040\000o\000f\000\040\000S\000e\000t\000s}{section.2.1}% 19
\BOOKMARK [2][-]{subsection.2.1.3}{\376\377\000C\000a\000r\000d\000i\000n\000a\000l\000i\000t\000y}{section.2.1}% 20
\BOOKMARK [1][-]{section.2.2}{\376\377\000R\000e\000l\000a\000t\000i\000o\000n\000s}{chapter.2}% 21
\BOOKMARK [2][-]{subsection.2.2.1}{\376\377\000D\000e\000f\000i\000n\000i\000t\000i\000o\000n}{section.2.2}% 22
\BOOKMARK [2][-]{subsection.2.2.2}{\376\377\000P\000r\000o\000p\000e\000r\000t\000i\000e\000s\000\040\000o\000f\000\040\000r\000e\000l\000a\000t\000i\000o\000n\000s}{section.2.2}% 23
\BOOKMARK [2][-]{subsection.2.2.3}{\376\377\000E\000q\000u\000i\000v\000a\000l\000e\000n\000c\000e\000\040\000r\000e\000l\000a\000t\000i\000o\000n\000s\000,\000\040\000e\000q\000u\000i\000v\000a\000l\000e\000n\000c\000e\000\040\000c\000l\000a\000s\000s\000e\000s\000,\000\040\000a\000n\000d\000\040\000p\000a\000r\000t\000i\000t\000i\000o\000n\000s}{section.2.2}% 24
\BOOKMARK [1][-]{section.2.3}{\376\377\000F\000u\000n\000c\000t\000i\000o\000n\000s}{chapter.2}% 25
\BOOKMARK [2][-]{subsection.2.3.1}{\376\377\000D\000e\000f\000i\000n\000i\000t\000i\000o\000n}{section.2.3}% 26
\BOOKMARK [2][-]{subsection.2.3.2}{\376\377\000I\000n\000j\000e\000c\000t\000i\000v\000i\000t\000y\000,\000\040\000S\000u\000r\000j\000e\000c\000t\000i\000v\000i\000t\000y\000,\000\040\000B\000i\000j\000e\000c\000t\000i\000v\000i\000t\000y}{section.2.3}% 27
\BOOKMARK [2][-]{subsection.2.3.3}{\376\377\000C\000a\000r\000d\000i\000n\000a\000l\000i\000t\000y\000\040\000a\000n\000d\000\040\000c\000o\000u\000n\000t\000a\000b\000l\000e\000\040\000s\000e\000t\000s}{section.2.3}% 28
\BOOKMARK [2][-]{subsection.2.3.4}{\376\377\000C\000o\000m\000p\000o\000s\000i\000t\000i\000o\000n\000\040\000o\000f\000\040\000f\000u\000n\000c\000t\000i\000o\000n\000s\000\040\000a\000n\000d\000\040\000i\000n\000v\000e\000r\000t\000i\000b\000i\000l\000i\000t\000y}{section.2.3}% 29
\BOOKMARK [-1][-]{part.2}{\376\377\000I\000I\000\040\000L\000i\000n\000e\000a\000r\000\040\000A\000l\000g\000e\000b\000r\000a}{}% 30
\BOOKMARK [0][-]{chapter.3}{\376\377\000B\000a\000s\000i\000c\000s}{part.2}% 31
\BOOKMARK [1][-]{section.3.1}{\376\377\000V\000e\000c\000t\000o\000r\000s}{chapter.3}% 32
\BOOKMARK [2][-]{subsection.3.1.1}{\376\377\000L\000i\000n\000e\000a\000r\000\040\000C\000o\000m\000b\000i\000n\000a\000t\000i\000o\000n\000s}{section.3.1}% 33
\BOOKMARK [2][-]{subsection.3.1.2}{\376\377\000L\000e\000n\000g\000t\000h\000\040\000a\000n\000d\000\040\000D\000o\000t\000\040\000P\000r\000o\000d\000u\000c\000t}{section.3.1}% 34
\BOOKMARK [1][-]{section.3.2}{\376\377\000S\000o\000l\000v\000i\000n\000g\000\040\000L\000i\000n\000e\000a\000r\000\040\000E\000q\000u\000a\000t\000i\000o\000n\000s}{chapter.3}% 35
\BOOKMARK [0][-]{chapter.4}{\376\377\000V\000e\000c\000t\000o\000r\000\040\000S\000p\000a\000c\000e\000s}{part.2}% 36
\BOOKMARK [1][-]{section.4.1}{\376\377\000R\000e\000a\000l\000\040\000a\000n\000d\000\040\000C\000o\000m\000p\000l\000e\000x\000\040\000N\000u\000m\000b\000e\000r\000s}{chapter.4}% 37
\BOOKMARK [1][-]{section.4.2}{\376\377\000D\000e\000f\000i\000n\000i\000t\000i\000o\000n}{chapter.4}% 38
\BOOKMARK [1][-]{section.4.3}{\376\377\000S\000u\000b\000s\000p\000a\000c\000e\000s}{chapter.4}% 39
\BOOKMARK [0][-]{chapter.5}{\376\377\000M\000a\000t\000r\000i\000c\000e\000s}{part.2}% 40
\BOOKMARK [0][-]{chapter.6}{\376\377\000B\000a\000s\000e\000s}{part.2}% 41
\BOOKMARK [1][-]{section.6.1}{\376\377\000S\000p\000a\000n\000s\000\040\000a\000n\000d\000\040\000S\000p\000a\000n\000n\000i\000n\000g\000\040\000S\000e\000t\000s}{chapter.6}% 42
\BOOKMARK [1][-]{section.6.2}{\376\377\000L\000i\000n\000e\000a\000r\000\040\000I\000n\000d\000e\000p\000e\000n\000d\000e\000n\000c\000e}{chapter.6}% 43
\BOOKMARK [0][-]{chapter.7}{\376\377\000D\000i\000m\000e\000n\000s\000i\000o\000n}{part.2}% 44
\BOOKMARK [0][-]{chapter.8}{\376\377\000L\000i\000n\000e\000a\000r\000\040\000T\000r\000a\000n\000s\000f\000o\000r\000m\000a\000t\000i\000o\000n\000s}{part.2}% 45
\BOOKMARK [0][-]{chapter.9}{\376\377\000L\000i\000n\000e\000a\000r\000\040\000M\000a\000p\000s\000\040\000a\000n\000d\000\040\000M\000a\000t\000r\000i\000c\000e\000s}{part.2}% 46
\BOOKMARK [0][-]{chapter.10}{\376\377\000I\000n\000n\000e\000r\000\040\000P\000r\000o\000d\000u\000c\000t\000\040\000S\000p\000a\000c\000e\000s}{part.2}% 47
\BOOKMARK [-1][-]{part.3}{\376\377\000I\000I\000I\000\040\000C\000a\000l\000c\000u\000l\000u\000s}{}% 48
\BOOKMARK [0][-]{chapter.11}{\376\377\000S\000i\000n\000g\000l\000e\000\040\000V\000a\000r\000i\000a\000b\000l\000e\000\040\000C\000a\000l\000c\000u\000l\000u\000s}{part.3}% 49
\BOOKMARK [1][-]{section.11.1}{\376\377\000L\000i\000m\000i\000t\000s}{chapter.11}% 50
\BOOKMARK [2][-]{subsection.11.1.1}{\376\377\000I\000n\000f\000o\000r\000m\000a\000l\000\040\000D\000e\000f\000i\000n\000i\000t\000i\000o\000n}{section.11.1}% 51
\BOOKMARK [2][-]{subsection.11.1.2}{\376\377\000L\000i\000m\000i\000t\000\040\000L\000a\000w\000s}{section.11.1}% 52
\BOOKMARK [2][-]{subsection.11.1.3}{\376\377\000E\000v\000a\000l\000u\000a\000t\000i\000n\000g\000\040\000L\000i\000m\000i\000t\000s}{section.11.1}% 53
\BOOKMARK [2][-]{subsection.11.1.4}{\376\377\000P\000r\000e\000c\000i\000s\000e\000\040\000D\000e\000f\000i\000n\000i\000t\000i\000o\000n\000\040\000o\000f\000\040\000a\000\040\000L\000i\000m\000i\000t}{section.11.1}% 54
\BOOKMARK [2][-]{subsection.11.1.5}{\376\377\000I\000m\000p\000o\000r\000t\000a\000n\000t\000\040\000L\000i\000m\000i\000t\000s}{section.11.1}% 55
\BOOKMARK [2][-]{subsection.11.1.6}{\376\377\000C\000o\000n\000t\000i\000n\000u\000i\000t\000y}{section.11.1}% 56
\BOOKMARK [1][-]{section.11.2}{\376\377\000D\000e\000r\000i\000v\000a\000t\000i\000v\000e}{chapter.11}% 57
\BOOKMARK [2][-]{subsection.11.2.1}{\376\377\000D\000e\000f\000i\000n\000i\000t\000i\000o\000n\000s}{section.11.2}% 58
\BOOKMARK [2][-]{subsection.11.2.2}{\376\377\000T\000h\000e\000o\000r\000e\000m\000s}{section.11.2}% 59
\BOOKMARK [2][-]{subsection.11.2.3}{\376\377\000D\000i\000f\000f\000e\000r\000e\000n\000t\000i\000a\000t\000i\000o\000n\000\040\000r\000u\000l\000e\000s}{section.11.2}% 60
\BOOKMARK [2][-]{subsection.11.2.4}{\376\377\000A\000p\000p\000l\000i\000c\000a\000t\000i\000o\000n\000s\000\040\000o\000f\000\040\000d\000i\000f\000f\000e\000r\000e\000n\000t\000i\000a\000t\000i\000o\000n}{section.11.2}% 61
\BOOKMARK [1][-]{section.11.3}{\376\377\000I\000n\000t\000e\000g\000r\000a\000l}{chapter.11}% 62
\BOOKMARK [2][-]{subsection.11.3.1}{\376\377\000D\000e\000f\000i\000n\000i\000t\000i\000o\000n}{section.11.3}% 63
\BOOKMARK [2][-]{subsection.11.3.2}{\376\377\000I\000n\000t\000e\000g\000r\000a\000t\000i\000o\000n\000\040\000r\000u\000l\000e\000s}{section.11.3}% 64
\BOOKMARK [2][-]{subsection.11.3.3}{\376\377\000I\000n\000t\000e\000g\000r\000a\000t\000i\000o\000n\000\040\000t\000e\000c\000h\000n\000i\000q\000u\000e\000s}{section.11.3}% 65
\BOOKMARK [2][-]{subsection.11.3.4}{\376\377\000A\000p\000p\000r\000o\000x\000i\000m\000a\000t\000i\000o\000n\000\040\000o\000f\000\040\000I\000n\000t\000e\000g\000r\000a\000l}{section.11.3}% 66
\BOOKMARK [2][-]{subsection.11.3.5}{\376\377\000A\000p\000p\000l\000i\000c\000a\000t\000i\000o\000n\000s\000\040\000o\000f\000\040\000i\000n\000t\000e\000g\000r\000a\000l\000s}{section.11.3}% 67
\BOOKMARK [1][-]{section.11.4}{\376\377\000S\000e\000q\000u\000e\000n\000c\000e\000s\000\040\000a\000n\000d\000\040\000S\000e\000r\000i\000e\000s}{chapter.11}% 68
\BOOKMARK [2][-]{subsection.11.4.1}{\376\377\000S\000e\000q\000u\000e\000n\000c\000e\000s}{section.11.4}% 69
\BOOKMARK [2][-]{subsection.11.4.2}{\376\377\000S\000e\000r\000i\000e\000s}{section.11.4}% 70
\BOOKMARK [1][-]{section.11.5}{\376\377\000O\000r\000d\000i\000n\000a\000r\000y\000\040\000D\000i\000f\000f\000e\000r\000e\000n\000t\000i\000a\000l\000\040\000E\000q\000u\000a\000t\000i\000o\000n\000s}{chapter.11}% 71
\BOOKMARK [2][-]{subsection.11.5.1}{\376\377\000F\000i\000r\000s\000t\000-\000o\000r\000d\000e\000r\000\040\000d\000i\000f\000f\000e\000r\000e\000n\000t\000i\000a\000l\000\040\000e\000q\000u\000a\000t\000i\000o\000n\000s}{section.11.5}% 72
\BOOKMARK [2][-]{subsection.11.5.2}{\376\377\000F\000i\000r\000s\000t\000-\000o\000r\000d\000e\000r\000\040\000d\000i\000f\000f\000e\000r\000e\000n\000t\000i\000a\000l\000\040\000e\000q\000u\000a\000t\000i\000o\000n\000s}{section.11.5}% 73
\BOOKMARK [2][-]{subsection.11.5.3}{\376\377\000S\000e\000c\000o\000n\000d\000-\000o\000r\000d\000e\000r\000\040\000d\000i\000f\000f\000e\000r\000e\000n\000t\000i\000a\000l\000\040\000e\000q\000u\000a\000t\000i\000o\000n\000s}{section.11.5}% 74
\BOOKMARK [1][-]{section.11.6}{\376\377\000L\000a\000p\000l\000a\000c\000e\000\040\000t\000r\000a\000n\000s\000f\000o\000r\000m}{chapter.11}% 75
\BOOKMARK [0][-]{chapter.12}{\376\377\000M\000u\000l\000t\000i\000v\000a\000r\000i\000a\000b\000l\000e\000\040\000C\000a\000l\000c\000u\000l\000u\000s}{part.3}% 76
\BOOKMARK [1][-]{section.12.1}{\376\377\000I\000n\000t\000r\000o\000d\000u\000c\000t\000i\000o\000n}{chapter.12}% 77
\BOOKMARK [2][-]{subsection.12.1.1}{\376\377\000V\000e\000c\000t\000o\000r\000s}{section.12.1}% 78
\BOOKMARK [2][-]{subsection.12.1.2}{\376\377\000F\000u\000n\000c\000t\000i\000o\000n\000s\000\040\000o\000f\000\040\000s\000e\000v\000e\000r\000a\000l\000\040\000v\000a\000r\000i\000a\000b\000l\000e\000s}{section.12.1}% 79
\BOOKMARK [2][-]{subsection.12.1.3}{\376\377\000L\000i\000m\000i\000t\000s}{section.12.1}% 80
\BOOKMARK [1][-]{section.12.2}{\376\377\000P\000a\000r\000t\000i\000a\000l\000\040\000D\000e\000r\000i\000v\000a\000t\000i\000v\000e\000s}{chapter.12}% 81
\BOOKMARK [2][-]{subsection.12.2.1}{\376\377\000L\000i\000m\000i\000t\000s}{section.12.2}% 82
\BOOKMARK [2][-]{subsection.12.2.2}{\376\377\000W\000h\000a\000t\000\040\000i\000t\000\040\000i\000s}{section.12.2}% 83
\BOOKMARK [2][-]{subsection.12.2.3}{\376\377\000H\000o\000w\000\040\000t\000o\000\040\000D\000o\000\040\000P\000a\000r\000t\000i\000a\000l\000\040\000D\000e\000r\000i\000v\000a\000t\000i\000v\000e\000s}{section.12.2}% 84
\BOOKMARK [2][-]{subsection.12.2.4}{\376\377\000D\000i\000r\000e\000c\000t\000i\000o\000n\000a\000l\000\040\000D\000e\000r\000i\000v\000a\000t\000i\000v\000e\000s}{section.12.2}% 85
\BOOKMARK [1][-]{section.12.3}{\376\377\000P\000a\000r\000t\000i\000a\000l\000\040\000d\000i\000f\000f\000e\000r\000e\000n\000t\000i\000a\000l\000\040\000e\000q\000u\000a\000t\000i\000o\000n\000s}{chapter.12}% 86
\BOOKMARK [2][-]{subsection.12.3.1}{\376\377\000D\000e\000f\000i\000n\000i\000t\000i\000o\000n\000s\000\040\000a\000n\000d\000\040\000T\000e\000r\000m\000i\000n\000o\000l\000o\000g\000y}{section.12.3}% 87
\BOOKMARK [2][-]{subsection.12.3.2}{\376\377\000S\000o\000l\000u\000t\000i\000o\000n\000s\000\040\000a\000n\000d\000\040\000A\000u\000x\000i\000l\000i\000a\000r\000y\000\040\000C\000o\000n\000d\000i\000t\000i\000o\000n\000s}{section.12.3}% 88
\BOOKMARK [1][-]{section.12.4}{\376\377\000D\000o\000u\000b\000l\000e\000\040\000i\000n\000t\000e\000g\000r\000a\000l\000s}{chapter.12}% 89
\BOOKMARK [1][-]{section.12.5}{\376\377\000L\000i\000n\000e\000\040\000i\000n\000t\000e\000g\000r\000a\000l\000s}{chapter.12}% 90
\BOOKMARK [2][-]{subsection.12.5.1}{\376\377\000V\000e\000c\000t\000o\000r\000\040\000f\000i\000e\000l\000d\000s}{section.12.5}% 91
\BOOKMARK [2][-]{subsection.12.5.2}{\376\377\000T\000y\000p\000e\000s\000\040\000o\000f\000\040\000l\000i\000n\000e\000\040\000i\000n\000t\000e\000g\000r\000a\000l\000s}{section.12.5}% 92
\BOOKMARK [2][-]{subsection.12.5.3}{\376\377\000F\000u\000n\000d\000a\000m\000e\000n\000t\000a\000l\000\040\000T\000h\000e\000o\000r\000e\000m\000\040\000f\000o\000r\000\040\000L\000i\000n\000e\000\040\000I\000n\000t\000e\000g\000r\000a\000l\000s}{section.12.5}% 93
\BOOKMARK [2][-]{subsection.12.5.4}{\376\377\000C\000o\000n\000s\000e\000r\000v\000a\000t\000i\000v\000e\000\040\000V\000e\000c\000t\000o\000r\000\040\000F\000i\000e\000l\000d\000s}{section.12.5}% 94
\BOOKMARK [2][-]{subsection.12.5.5}{\376\377\000G\000r\000e\000e\000n\000'\000s\000\040\000T\000h\000e\000o\000r\000e\000m}{section.12.5}% 95
\BOOKMARK [0][-]{chapter.13}{\376\377\000F\000o\000u\000r\000i\000e\000r\000\040\000A\000n\000a\000l\000y\000s\000i\000s}{part.3}% 96
\BOOKMARK [1][-]{section.13.1}{\376\377\000F\000o\000u\000r\000i\000e\000r\000\040\000T\000r\000i\000g\000o\000n\000o\000m\000e\000t\000r\000i\000c\000\040\000S\000e\000r\000i\000e\000s}{chapter.13}% 97
\BOOKMARK [1][-]{section.13.2}{\376\377\000F\000o\000u\000r\000i\000e\000r\000\040\000E\000x\000p\000o\000n\000e\000n\000t\000i\000a\000l\000\040\000S\000e\000r\000i\000e\000s}{chapter.13}% 98
\BOOKMARK [1][-]{section.13.3}{\376\377\000F\000o\000u\000r\000i\000e\000r\000\040\000T\000r\000a\000n\000s\000f\000o\000r\000m}{chapter.13}% 99
\BOOKMARK [1][-]{section.13.4}{\376\377\000S\000p\000e\000c\000i\000a\000l\000\040\000f\000u\000n\000c\000t\000i\000o\000n\000s}{chapter.13}% 100
\BOOKMARK [2][-]{subsection.13.4.1}{\376\377\000G\000a\000u\000s\000s\000i\000a\000n}{section.13.4}% 101
\BOOKMARK [2][-]{subsection.13.4.2}{\376\377\000E\000x\000p\000o\000n\000e\000n\000t\000i\000a\000l\000,\000\040\000L\000o\000r\000e\000n\000t\000z\000i\000a\000n}{section.13.4}% 102
\BOOKMARK [2][-]{subsection.13.4.3}{\376\377\000S\000q\000u\000a\000r\000e\000\040\000w\000a\000v\000e\000,\000\040\000s\000i\000n\000c}{section.13.4}% 103
\BOOKMARK [1][-]{section.13.5}{\376\377\000T\000h\000e\000\040\000d\000e\000l\000t\000a\000\040\000f\000u\000n\000c\000t\000i\000o\000n}{chapter.13}% 104
\BOOKMARK [1][-]{section.13.6}{\376\377\000G\000i\000b\000b\000s\000\040\000p\000h\000e\000n\000o\000m\000e\000n\000o\000n}{chapter.13}% 105
\BOOKMARK [1][-]{section.13.7}{\376\377\000C\000o\000n\000v\000e\000r\000g\000e\000n\000c\000e}{chapter.13}% 106
\BOOKMARK [1][-]{section.13.8}{\376\377\000R\000e\000l\000a\000t\000i\000o\000n\000\040\000b\000e\000t\000w\000e\000e\000n\000\040\000t\000r\000a\000n\000s\000f\000o\000r\000m\000s\000\040\000a\000n\000d\000\040\000s\000e\000r\000i\000e\000s}{chapter.13}% 107
\BOOKMARK [-1][-]{part.4}{\376\377\000I\000V\000\040\000D\000i\000f\000f\000e\000r\000e\000n\000t\000i\000a\000l\000\040\000G\000e\000o\000m\000e\000t\000r\000y}{}% 108
\BOOKMARK [-1][-]{part.5}{\376\377\000V\000\040\000A\000b\000s\000t\000r\000a\000c\000t\000\040\000A\000l\000g\000e\000b\000r\000a}{}% 109
\BOOKMARK [0][-]{chapter.14}{\376\377\000G\000r\000o\000u\000p\000\040\000T\000h\000e\000o\000r\000y}{part.5}% 110
\BOOKMARK [1][-]{section.14.1}{\376\377\000B\000i\000n\000a\000r\000y\000\040\000O\000p\000e\000r\000a\000t\000i\000o\000n\000s}{chapter.14}% 111
\BOOKMARK [1][-]{section.14.2}{\376\377\000G\000r\000o\000u\000p\000\040\000A\000x\000i\000o\000m\000s}{chapter.14}% 112
\BOOKMARK [1][-]{section.14.3}{\376\377\000I\000s\000o\000m\000o\000r\000p\000h\000i\000s\000m}{chapter.14}% 113
\BOOKMARK [1][-]{section.14.4}{\376\377\000L\000a\000g\000r\000a\000n\000g\000e\000'\000s\000\040\000t\000h\000e\000o\000r\000e\000m}{chapter.14}% 114
\BOOKMARK [1][-]{section.14.5}{\376\377\000G\000r\000o\000u\000p\000\040\000a\000c\000t\000i\000o\000n\000s}{chapter.14}% 115
\BOOKMARK [1][-]{section.14.6}{\376\377\000Q\000u\000o\000t\000i\000e\000n\000t\000\040\000g\000r\000o\000u\000p\000s}{chapter.14}% 116
\BOOKMARK [1][-]{section.14.7}{\376\377\000M\000a\000t\000r\000i\000x\000\040\000g\000r\000o\000u\000p\000s}{chapter.14}% 117
\BOOKMARK [1][-]{section.14.8}{\376\377\000P\000e\000r\000m\000u\000t\000a\000t\000i\000o\000n\000s}{chapter.14}% 118
\BOOKMARK [0][-]{chapter.15}{\376\377\000R\000i\000n\000g\000\040\000T\000h\000e\000o\000r\000y}{part.5}% 119
\BOOKMARK [1][-]{section.15.1}{\376\377\000D\000e\000f\000i\000n\000i\000t\000i\000o\000n}{chapter.15}% 120
\BOOKMARK [0][-]{chapter.16}{\376\377\000F\000i\000e\000l\000d\000\040\000T\000h\000e\000o\000r\000y}{part.5}% 121
\BOOKMARK [1][-]{section.16.1}{\376\377\000F\000i\000e\000l\000d\000\040\000A\000x\000i\000o\000m\000s}{chapter.16}% 122
\BOOKMARK [0][-]{chapter.17}{\376\377\000G\000a\000l\000o\000i\000s\000\040\000T\000h\000e\000o\000r\000y}{part.5}% 123
\BOOKMARK [0][-]{chapter.18}{\376\377\000C\000a\000t\000e\000g\000o\000r\000y\000\040\000T\000h\000e\000o\000r\000y}{part.5}% 124
\BOOKMARK [-1][-]{part.6}{\376\377\000V\000I\000\040\000R\000e\000a\000l\000\040\000A\000n\000a\000l\000y\000s\000i\000s}{}% 125
\BOOKMARK [0][-]{chapter.19}{\376\377\000P\000r\000o\000p\000e\000r\000t\000i\000e\000s\000\040\000o\000f\000\040\000t\000h\000e\000\040\000r\000e\000a\000l\000\040\000n\000u\000m\000b\000e\000r\000s}{part.6}% 126
\BOOKMARK [1][-]{section.19.1}{\376\377\000C\000o\000n\000s\000t\000r\000u\000c\000t\000i\000o\000n\000\040\000o\000f\000\040\000t\000h\000e\000\040\000r\000e\000a\000l\000\040\000n\000u\000m\000b\000e\000r\000s}{chapter.19}% 127
\BOOKMARK [2][-]{subsection.19.1.1}{\376\377\000O\000r\000d\000e\000r\000\040\000r\000e\000l\000a\000t\000i\000o\000n\000s}{section.19.1}% 128
\BOOKMARK [2][-]{subsection.19.1.2}{\376\377\000A\000d\000d\000i\000t\000i\000o\000n}{section.19.1}% 129
\BOOKMARK [2][-]{subsection.19.1.3}{\376\377\000N\000e\000g\000a\000t\000i\000o\000n}{section.19.1}% 130
\BOOKMARK [2][-]{subsection.19.1.4}{\376\377\000S\000i\000g\000n\000s}{section.19.1}% 131
\BOOKMARK [2][-]{subsection.19.1.5}{\376\377\000M\000u\000l\000t\000i\000p\000l\000i\000c\000a\000t\000i\000o\000n}{section.19.1}% 132
\BOOKMARK [1][-]{section.19.2}{\376\377\000S\000u\000p\000r\000e\000m\000u\000m\000\040\000a\000n\000d\000\040\000I\000n\000f\000i\000m\000u\000m}{chapter.19}% 133
\BOOKMARK [2][-]{subsection.19.2.1}{\376\377\000O\000r\000d\000e\000r\000e\000d\000\040\000s\000e\000t\000s}{section.19.2}% 134
\BOOKMARK [2][-]{subsection.19.2.2}{\376\377\000B\000o\000u\000n\000d\000e\000d\000n\000e\000s\000s}{section.19.2}% 135
\BOOKMARK [1][-]{section.19.3}{\376\377\000C\000o\000m\000p\000l\000e\000t\000e\000n\000e\000s\000s}{chapter.19}% 136
\BOOKMARK [2][-]{subsection.19.3.1}{\376\377\000C\000o\000m\000p\000l\000e\000t\000e\000n\000e\000s\000s\000\040\000a\000x\000i\000o\000m}{section.19.3}% 137
\BOOKMARK [1][-]{section.19.4}{\376\377\000O\000r\000d\000e\000r\000\040\000p\000r\000o\000p\000e\000r\000t\000i\000e\000s\000\040\000o\000f\000\040\000t\000h\000e\000\040\000r\000e\000a\000l\000\040\000n\000u\000m\000b\000e\000r\000s}{chapter.19}% 138
\BOOKMARK [1][-]{section.19.5}{\376\377\000T\000o\000p\000o\000l\000o\000g\000i\000c\000a\000l\000\040\000p\000r\000o\000p\000e\000r\000t\000i\000e\000s\000\040\000o\000f\000\040\000t\000h\000e\000\040\000r\000e\000a\000l\000\040\000n\000u\000m\000b\000e\000r\000s}{chapter.19}% 139
\BOOKMARK [0][-]{chapter.20}{\376\377\000S\000e\000q\000u\000e\000n\000c\000e\000s\000\040\000a\000n\000d\000\040\000S\000e\000r\000i\000e\000s}{part.6}% 140
\BOOKMARK [1][-]{section.20.1}{\376\377\000L\000i\000m\000i\000t\000\040\000o\000f\000\040\000a\000\040\000s\000e\000q\000u\000e\000n\000c\000e}{chapter.20}% 141
\BOOKMARK [2][-]{subsection.20.1.1}{\376\377\000D\000e\000f\000i\000n\000i\000t\000i\000o\000n}{section.20.1}% 142
\BOOKMARK [2][-]{subsection.20.1.2}{\376\377\000C\000h\000a\000r\000a\000c\000t\000e\000r\000i\000s\000t\000i\000c\000s\000\040\000o\000f\000\040\000l\000i\000m\000i\000t\000s}{section.20.1}% 143
\BOOKMARK [1][-]{section.20.2}{\376\377\000S\000u\000b\000s\000e\000q\000u\000e\000n\000c\000e\000s}{chapter.20}% 144
\BOOKMARK [1][-]{section.20.3}{\376\377\000C\000a\000u\000c\000h\000y\000\040\000S\000e\000q\000u\000e\000n\000c\000e\000s}{chapter.20}% 145
\BOOKMARK [1][-]{section.20.4}{\376\377\000U\000p\000p\000e\000r\000\040\000a\000n\000d\000\040\000L\000o\000w\000e\000r\000\040\000L\000i\000m\000i\000t\000s}{chapter.20}% 146
\BOOKMARK [1][-]{section.20.5}{\376\377\000L\000i\000m\000i\000t\000s\000\040\000o\000f\000\040\000m\000u\000l\000t\000i\000p\000l\000e\000\040\000s\000e\000q\000u\000e\000n\000c\000e\000s}{chapter.20}% 147
\BOOKMARK [0][-]{chapter.21}{\376\377\000C\000o\000n\000t\000i\000n\000u\000i\000t\000y}{part.6}% 148
\BOOKMARK [1][-]{section.21.1}{\376\377\000L\000i\000m\000i\000t\000\040\000o\000f\000\040\000F\000u\000n\000c\000t\000i\000o\000n\000s}{chapter.21}% 149
\BOOKMARK [1][-]{section.21.2}{\376\377\000C\000o\000n\000t\000i\000n\000u\000o\000u\000s\000\040\000F\000u\000n\000c\000t\000i\000o\000n\000s}{chapter.21}% 150
\BOOKMARK [1][-]{section.21.3}{\376\377\000C\000o\000n\000t\000i\000n\000u\000i\000t\000y\000\040\000a\000n\000d\000\040\000C\000o\000m\000p\000a\000c\000t\000n\000e\000s\000s}{chapter.21}% 151
\BOOKMARK [1][-]{section.21.4}{\376\377\000C\000o\000n\000t\000i\000n\000u\000i\000t\000y\000\040\000a\000n\000d\000\040\000C\000o\000n\000n\000e\000c\000t\000e\000d\000n\000e\000s\000s}{chapter.21}% 152
\BOOKMARK [1][-]{section.21.5}{\376\377\000D\000i\000s\000c\000o\000n\000t\000i\000n\000u\000i\000t\000i\000e\000s}{chapter.21}% 153
\BOOKMARK [1][-]{section.21.6}{\376\377\000M\000o\000n\000o\000t\000o\000n\000i\000c\000\040\000F\000u\000n\000c\000t\000i\000o\000n\000s}{chapter.21}% 154
\BOOKMARK [1][-]{section.21.7}{\376\377\000I\000n\000f\000i\000n\000i\000t\000e\000\040\000L\000i\000m\000i\000t\000s\000\040\000a\000n\000d\000\040\000L\000i\000m\000i\000t\000s\000\040\000a\000t\000\040\000I\000n\000f\000i\000n\000i\000t\000y}{chapter.21}% 155
\BOOKMARK [0][-]{chapter.22}{\376\377\000S\000e\000q\000u\000e\000n\000c\000e\000s\000\040\000a\000n\000d\000\040\000S\000e\000r\000i\000e\000s\000\040\000o\000f\000\040\000F\000u\000n\000c\000t\000i\000o\000n\000s}{part.6}% 156
\BOOKMARK [0][-]{chapter.23}{\376\377\000D\000i\000f\000f\000e\000r\000e\000n\000t\000i\000a\000t\000i\000o\000n}{part.6}% 157
\BOOKMARK [1][-]{section.23.1}{\376\377\000M\000e\000a\000n\000\040\000V\000a\000l\000u\000e\000\040\000T\000h\000e\000o\000r\000e\000m\000s}{chapter.23}% 158
\BOOKMARK [-1][-]{part.7}{\376\377\000V\000I\000I\000\040\000T\000o\000p\000o\000l\000o\000g\000y}{}% 159
\BOOKMARK [0][-]{chapter.24}{\376\377\000n\000-\000d\000i\000m\000e\000n\000s\000i\000o\000n\000a\000l\000\040\000E\000u\000c\000l\000i\000d\000e\000a\000n\000\040\000s\000p\000a\000c\000e}{part.7}% 160
\BOOKMARK [1][-]{section.24.1}{\376\377\000W\000h\000a\000t\000\040\000i\000s\000\040\000R\000n\000?}{chapter.24}% 161
\BOOKMARK [1][-]{section.24.2}{\376\377\000C\000o\000n\000c\000e\000p\000t\000s\000\040\000i\000n\000\040\000E\000u\000c\000l\000i\000d\000e\000a\000n\000\040\000S\000p\000a\000c\000e}{chapter.24}% 162
\BOOKMARK [2][-]{subsection.24.2.1}{\376\377\000B\000o\000u\000n\000d\000e\000d\000\040\000S\000e\000t\000s}{section.24.2}% 163
\BOOKMARK [2][-]{subsection.24.2.2}{\376\377\000D\000i\000a\000m\000e\000t\000e\000r}{section.24.2}% 164
\BOOKMARK [2][-]{subsection.24.2.3}{\376\377\000D\000i\000s\000t\000a\000n\000c\000e\000\040\000B\000e\000t\000w\000e\000e\000n\000\040\000S\000e\000t\000s}{section.24.2}% 165
\BOOKMARK [1][-]{section.24.3}{\376\377\000T\000o\000p\000o\000l\000o\000g\000y\000\040\000i\000n\000\040\000E\000u\000c\000l\000i\000d\000e\000a\000n\000\040\000S\000p\000a\000c\000e}{chapter.24}% 166
\BOOKMARK [1][-]{section.24.4}{\376\377\000I\000m\000p\000o\000r\000t\000a\000n\000t\000\040\000T\000h\000e\000o\000r\000e\000m\000s}{chapter.24}% 167
\BOOKMARK [0][-]{chapter.25}{\376\377\000M\000e\000t\000r\000i\000c\000\040\000S\000p\000a\000c\000e\000s}{part.7}% 168
\BOOKMARK [1][-]{section.25.1}{\376\377\000D\000e\000f\000i\000n\000i\000t\000i\000o\000n}{chapter.25}% 169
\BOOKMARK [1][-]{section.25.2}{\376\377\000C\000o\000n\000v\000e\000r\000g\000e\000n\000c\000e}{chapter.25}% 170
\BOOKMARK [1][-]{section.25.3}{\376\377\000C\000o\000n\000t\000i\000n\000u\000i\000t\000y}{chapter.25}% 171
\BOOKMARK [1][-]{section.25.4}{\376\377\000S\000t\000r\000u\000c\000t\000u\000r\000e\000s}{chapter.25}% 172
\BOOKMARK [1][-]{section.25.5}{\376\377\000O\000p\000e\000n\000\040\000s\000e\000t\000s}{chapter.25}% 173
\BOOKMARK [1][-]{section.25.6}{\376\377\000C\000o\000m\000p\000a\000c\000t\000n\000e\000s\000s}{chapter.25}% 174
\BOOKMARK [1][-]{section.25.7}{\376\377\000S\000t\000r\000u\000c\000t\000u\000r\000e\000s\000\040\000o\000n\000\040\000E\000u\000c\000l\000i\000d\000e\000a\000n\000\040\000S\000p\000a\000c\000e}{chapter.25}% 175
\BOOKMARK [0][-]{chapter.26}{\376\377\000K\000n\000o\000t\000\040\000T\000h\000e\000o\000r\000y}{part.7}% 176
\BOOKMARK [1][-]{section.26.1}{\376\377\000K\000n\000o\000t\000\040\000a\000n\000d\000\040\000K\000n\000o\000t\000\040\000T\000y\000p\000e\000s}{chapter.26}% 177
\BOOKMARK [-1][-]{part.8}{\376\377\000V\000I\000I\000I\000\040\000C\000o\000m\000p\000l\000e\000x\000\040\000A\000n\000a\000l\000y\000s\000i\000s}{}% 178
\BOOKMARK [0][-]{chapter.27}{\376\377\000F\000u\000n\000c\000t\000i\000o\000n\000s}{part.8}% 179
\BOOKMARK [1][-]{section.27.1}{\376\377\000C\000o\000m\000p\000l\000e\000x\000\040\000F\000u\000n\000c\000t\000i\000o\000n\000s}{chapter.27}% 180
\BOOKMARK [2][-]{subsection.27.1.1}{\376\377\000E\000x\000p\000o\000n\000e\000n\000t\000i\000a\000l\000\040\000f\000u\000n\000c\000t\000i\000o\000n}{section.27.1}% 181
\BOOKMARK [2][-]{subsection.27.1.2}{\376\377\000C\000o\000m\000p\000l\000e\000x\000\040\000f\000u\000n\000c\000t\000i\000o\000n\000s\000\040\000a\000s\000\040\000m\000a\000p\000p\000i\000n\000g\000s}{section.27.1}% 182
\BOOKMARK [2][-]{subsection.27.1.3}{\376\377\000F\000u\000n\000c\000t\000i\000o\000n\000\040\000z}{section.27.1}% 183
\BOOKMARK [2][-]{subsection.27.1.4}{\376\377\000B\000r\000a\000n\000c\000h\000e\000s\000\040\000a\000n\000d\000\040\000b\000r\000a\000n\000c\000h\000\040\000c\000u\000t\000s}{section.27.1}% 184
\BOOKMARK [2][-]{subsection.27.1.5}{\376\377\000F\000u\000n\000c\000t\000i\000o\000n\000\040\000z}{section.27.1}% 185
\BOOKMARK [1][-]{section.27.2}{\376\377\000A\000n\000a\000l\000y\000t\000i\000c\000\040\000F\000u\000n\000c\000t\000i\000o\000n\000s}{chapter.27}% 186
\BOOKMARK [2][-]{subsection.27.2.1}{\376\377\000T\000h\000e\000\040\000d\000e\000r\000i\000v\000a\000t\000i\000v\000e\000:\000\040\000p\000r\000e\000l\000i\000m\000i\000n\000a\000r\000i\000e\000s}{section.27.2}% 187
\BOOKMARK [2][-]{subsection.27.2.2}{\376\377\000O\000p\000e\000n\000\040\000d\000i\000s\000k\000s\000,\000\040\000o\000p\000e\000n\000\040\000d\000e\000l\000e\000t\000e\000d\000\040\000d\000i\000s\000k\000s\000,\000\040\000o\000p\000e\000n\000\040\000r\000e\000g\000i\000o\000n\000s}{section.27.2}% 188
\BOOKMARK [2][-]{subsection.27.2.3}{\376\377\000L\000i\000m\000i\000t\000s\000\040\000a\000n\000d\000\040\000c\000o\000n\000t\000i\000n\000u\000o\000u\000s\000\040\000f\000u\000n\000c\000t\000i\000o\000n\000s}{section.27.2}% 189
\BOOKMARK [2][-]{subsection.27.2.4}{\376\377\000T\000h\000e\000\040\000p\000o\000i\000n\000t\000\040\000a\000t\000\040\000i\000n\000f\000i\000n\000i\000t\000y}{section.27.2}% 190
\BOOKMARK [2][-]{subsection.27.2.5}{\376\377\000D\000e\000r\000i\000v\000a\000t\000i\000v\000e\000s}{section.27.2}% 191
\BOOKMARK [2][-]{subsection.27.2.6}{\376\377\000C\000a\000u\000c\000h\000y\000-\000R\000i\000e\000m\000a\000n\000n\000\040\000e\000q\000u\000a\000t\000i\000o\000n\000s}{section.27.2}% 192
\BOOKMARK [-1][-]{part.9}{\376\377\000I\000X\000\040\000D\000i\000s\000c\000r\000e\000t\000e\000\040\000M\000a\000t\000h\000e\000m\000a\000t\000i\000c\000s}{}% 193
\BOOKMARK [0][-]{chapter.28}{\376\377\000G\000r\000a\000p\000h\000\040\000T\000h\000e\000o\000r\000y}{part.9}% 194
\BOOKMARK [1][-]{section.28.1}{\376\377\000D\000e\000f\000i\000n\000i\000t\000i\000o\000n\000s}{chapter.28}% 195
\BOOKMARK [2][-]{subsection.28.1.1}{\376\377\000P\000r\000e\000l\000i\000m\000i\000n\000a\000r\000y\000\040\000D\000e\000f\000i\000n\000i\000t\000i\000o\000n\000s}{section.28.1}% 196
\BOOKMARK [2][-]{subsection.28.1.2}{\376\377\000S\000u\000b\000g\000r\000a\000p\000h}{section.28.1}% 197
\BOOKMARK [2][-]{subsection.28.1.3}{\376\377\000W\000a\000l\000k\000s}{section.28.1}% 198
\BOOKMARK [2][-]{subsection.28.1.4}{\376\377\000C\000o\000n\000n\000e\000c\000t\000e\000d\000n\000e\000s\000s}{section.28.1}% 199
\BOOKMARK [2][-]{subsection.28.1.5}{\376\377\000C\000l\000a\000s\000s\000e\000s\000\040\000o\000f\000\040\000g\000r\000a\000p\000h\000s}{section.28.1}% 200
\BOOKMARK [2][-]{subsection.28.1.6}{\376\377\000B\000i\000p\000a\000r\000t\000i\000t\000e\000\040\000G\000r\000a\000p\000h\000s}{section.28.1}% 201
\BOOKMARK [2][-]{subsection.28.1.7}{\376\377\000I\000s\000o\000m\000o\000r\000p\000h\000i\000s\000m}{section.28.1}% 202
\BOOKMARK [1][-]{section.28.2}{\376\377\000T\000r\000e\000e\000s\000\040\000a\000n\000d\000\040\000B\000a\000l\000a\000n\000c\000i\000n\000g}{chapter.28}% 203
\BOOKMARK [1][-]{section.28.3}{\376\377\000E\000u\000l\000e\000r\000\040\000T\000o\000u\000r\000s\000\040\000a\000n\000d\000\040\000T\000r\000a\000i\000l\000s}{chapter.28}% 204
\BOOKMARK [0][-]{chapter.29}{\376\377\000G\000a\000m\000e\000\040\000T\000h\000e\000o\000r\000y}{part.9}% 205
\BOOKMARK [1][-]{section.29.1}{\376\377\000S\000t\000r\000i\000c\000t\000\040\000D\000o\000m\000i\000n\000a\000n\000c\000e}{chapter.29}% 206
\BOOKMARK [2][-]{subsection.29.1.1}{\376\377\000P\000r\000i\000s\000o\000n\000e\000r\000'\000s\000\040\000D\000i\000l\000e\000m\000m\000a}{section.29.1}% 207
\BOOKMARK [2][-]{subsection.29.1.2}{\376\377\000S\000p\000l\000i\000t\000\040\000o\000r\000\040\000S\000t\000e\000a\000l}{section.29.1}% 208
\BOOKMARK [1][-]{section.29.2}{\376\377\000N\000a\000s\000h\000\040\000E\000q\000u\000i\000l\000i\000b\000r\000i\000u\000m}{chapter.29}% 209
\BOOKMARK [2][-]{subsection.29.2.1}{\376\377\000M\000a\000t\000r\000i\000x\000\040\000g\000a\000m\000e\000s}{section.29.2}% 210
\BOOKMARK [1][-]{section.29.3}{\376\377\000F\000a\000i\000r\000\040\000D\000i\000v\000i\000s\000i\000o\000n}{chapter.29}% 211
\BOOKMARK [2][-]{subsection.29.3.1}{\376\377\000R\000e\000n\000t\000a\000l\000\040\000h\000a\000r\000m\000o\000n\000y\000\040\000p\000r\000o\000b\000l\000e\000m}{section.29.3}% 212
