\BOOKMARK [0][-]{part.1}{\376\377\000I\000\040\000M\000e\000a\000s\000u\000r\000e\000m\000e\000n\000t}{}% 1
\BOOKMARK [1][-]{section.1}{\376\377\000M\000e\000a\000s\000u\000r\000e\000m\000e\000n\000t}{part.1}% 2
\BOOKMARK [2][-]{subsection.1.1}{\376\377\000P\000h\000y\000s\000i\000c\000a\000l\000\040\000q\000u\000a\000n\000t\000i\000t\000i\000e\000s\000\040\000a\000n\000d\000\040\000S\000I\000\040\000u\000n\000i\000t\000s}{section.1}% 3
\BOOKMARK [2][-]{subsection.1.2}{\376\377\000D\000i\000m\000e\000n\000s\000i\000o\000n\000a\000l\000\040\000a\000n\000a\000l\000y\000s\000i\000s}{section.1}% 4
\BOOKMARK [2][-]{subsection.1.3}{\376\377\000S\000c\000a\000l\000a\000r\000s\000\040\000a\000n\000d\000\040\000v\000e\000c\000t\000o\000r\000s}{section.1}% 5
\BOOKMARK [2][-]{subsection.1.4}{\376\377\000V\000e\000c\000t\000o\000r\000s}{section.1}% 6
\BOOKMARK [3][-]{subsubsection.1.4.1}{\376\377\000V\000e\000c\000t\000o\000r\000\040\000a\000d\000d\000i\000t\000i\000o\000n}{subsection.1.4}% 7
\BOOKMARK [3][-]{subsubsection.1.4.2}{\376\377\000V\000e\000c\000t\000o\000r\000\040\000s\000u\000b\000t\000r\000a\000c\000t\000i\000o\000n}{subsection.1.4}% 8
\BOOKMARK [3][-]{subsubsection.1.4.3}{\376\377\000R\000e\000s\000o\000l\000v\000i\000n\000g\000\040\000v\000e\000c\000t\000o\000r}{subsection.1.4}% 9
\BOOKMARK [2][-]{subsection.1.5}{\376\377\000E\000r\000r\000o\000r\000s}{section.1}% 10
\BOOKMARK [2][-]{subsection.1.6}{\376\377\000U\000n\000c\000e\000r\000t\000a\000i\000n\000t\000i\000e\000s}{section.1}% 11
\BOOKMARK [2][-]{subsection.1.7}{\376\377\000P\000r\000o\000b\000l\000e\000m\000s}{section.1}% 12
\BOOKMARK [0][-]{part.2}{\376\377\000I\000I\000\040\000N\000e\000w\000t\000o\000n\000i\000a\000n\000\040\000M\000e\000c\000h\000a\000n\000i\000c\000s}{}% 13
\BOOKMARK [1][-]{section.2}{\376\377\000K\000i\000n\000e\000m\000a\000t\000i\000c\000s}{part.2}% 14
\BOOKMARK [2][-]{subsection.2.1}{\376\377\000R\000e\000c\000t\000i\000l\000i\000n\000e\000a\000r\000\040\000m\000o\000t\000i\000o\000n}{section.2}% 15
\BOOKMARK [2][-]{subsection.2.2}{\376\377\000P\000r\000o\000j\000e\000c\000t\000i\000l\000e\000\040\000m\000o\000t\000i\000o\000n}{section.2}% 16
\BOOKMARK [3][-]{subsubsection.2.2.1}{\376\377\000H\000o\000r\000i\000z\000o\000n\000t\000a\000l\000\040\000m\000o\000t\000i\000o\000n}{subsection.2.2}% 17
\BOOKMARK [3][-]{subsubsection.2.2.2}{\376\377\000V\000e\000r\000t\000i\000c\000a\000l\000\040\000m\000o\000t\000i\000o\000n}{subsection.2.2}% 18
\BOOKMARK [3][-]{subsubsection.2.2.3}{\376\377\000R\000e\000l\000e\000v\000a\000n\000t\000\040\000q\000u\000a\000n\000t\000i\000t\000i\000e\000s}{subsection.2.2}% 19
\BOOKMARK [3][-]{subsubsection.2.2.4}{\376\377\000E\000f\000f\000e\000c\000t\000\040\000o\000f\000\040\000a\000i\000r\000\040\000r\000e\000s\000i\000s\000t\000a\000n\000c\000e}{subsection.2.2}% 20
\BOOKMARK [2][-]{subsection.2.3}{\376\377\000P\000r\000o\000b\000l\000e\000m\000s}{section.2}% 21
\BOOKMARK [1][-]{section.3}{\376\377\000D\000y\000n\000a\000m\000i\000c\000s}{part.2}% 22
\BOOKMARK [2][-]{subsection.3.1}{\376\377\000N\000e\000w\000t\000o\000n\000'\000s\000\040\000L\000a\000w\000s\000\040\000o\000f\000\040\000M\000o\000t\000i\000o\000n}{section.3}% 23
\BOOKMARK [2][-]{subsection.3.2}{\376\377\000L\000i\000n\000e\000a\000r\000\040\000m\000o\000m\000e\000n\000t\000u\000m\000\040\000a\000n\000d\000\040\000i\000t\000s\000\040\000c\000o\000n\000s\000e\000r\000v\000a\000t\000i\000o\000n}{section.3}% 24
\BOOKMARK [2][-]{subsection.3.3}{\376\377\000C\000o\000l\000l\000i\000s\000i\000o\000n\000s}{section.3}% 25
\BOOKMARK [3][-]{subsubsection.3.3.1}{\376\377\0001\000D\000\040\000c\000o\000l\000l\000i\000s\000i\000o\000n}{subsection.3.3}% 26
\BOOKMARK [3][-]{subsubsection.3.3.2}{\376\377\0002\000D\000\040\000c\000o\000l\000l\000i\000s\000i\000o\000n}{subsection.3.3}% 27
\BOOKMARK [2][-]{subsection.3.4}{\376\377\000P\000r\000o\000b\000l\000e\000m\000s}{section.3}% 28
\BOOKMARK [1][-]{section.4}{\376\377\000F\000o\000r\000c\000e\000s}{part.2}% 29
\BOOKMARK [2][-]{subsection.4.1}{\376\377\000T\000y\000p\000e\000s\000\040\000o\000f\000\040\000f\000o\000r\000c\000e}{section.4}% 30
\BOOKMARK [2][-]{subsection.4.2}{\376\377\000U\000p\000t\000h\000r\000u\000s\000t}{section.4}% 31
\BOOKMARK [2][-]{subsection.4.3}{\376\377\000C\000e\000n\000t\000r\000e\000\040\000o\000f\000\040\000g\000r\000a\000v\000i\000t\000y}{section.4}% 32
\BOOKMARK [2][-]{subsection.4.4}{\376\377\000T\000u\000r\000n\000i\000n\000g\000\040\000e\000f\000f\000e\000c\000t\000s\000\040\000o\000f\000\040\000f\000o\000r\000c\000e\000s}{section.4}% 33
\BOOKMARK [2][-]{subsection.4.5}{\376\377\000E\000q\000u\000i\000l\000i\000b\000r\000i\000u\000m\000\040\000o\000f\000\040\000f\000o\000r\000c\000e\000s}{section.4}% 34
\BOOKMARK [2][-]{subsection.4.6}{\376\377\000P\000r\000o\000b\000l\000e\000m\000s}{section.4}% 35
\BOOKMARK [1][-]{section.5}{\376\377\000W\000o\000r\000k\000,\000\040\000E\000n\000e\000r\000g\000y\000\040\000a\000n\000d\000\040\000P\000o\000w\000e\000r}{part.2}% 36
\BOOKMARK [2][-]{subsection.5.1}{\376\377\000W\000o\000r\000k}{section.5}% 37
\BOOKMARK [2][-]{subsection.5.2}{\376\377\000E\000n\000e\000r\000g\000y\000\040\000c\000o\000n\000v\000e\000r\000s\000i\000o\000n\000\040\000a\000n\000d\000\040\000c\000o\000n\000s\000e\000r\000v\000a\000t\000i\000o\000n}{section.5}% 38
\BOOKMARK [2][-]{subsection.5.3}{\376\377\000P\000o\000w\000e\000r}{section.5}% 39
\BOOKMARK [2][-]{subsection.5.4}{\376\377\000E\000f\000f\000i\000c\000i\000e\000n\000c\000y}{section.5}% 40
\BOOKMARK [1][-]{section.6}{\376\377\000C\000i\000r\000c\000u\000l\000a\000r\000\040\000m\000o\000t\000i\000o\000n}{part.2}% 41
\BOOKMARK [2][-]{subsection.6.1}{\376\377\000U\000n\000i\000f\000o\000r\000m\000\040\000c\000i\000r\000c\000u\000l\000a\000r\000\040\000m\000o\000t\000i\000o\000n}{section.6}% 42
\BOOKMARK [2][-]{subsection.6.2}{\376\377\000N\000o\000n\000-\000u\000n\000i\000f\000o\000r\000m\000\040\000c\000i\000r\000c\000u\000l\000a\000r\000\040\000m\000o\000t\000i\000o\000n}{section.6}% 43
\BOOKMARK [1][-]{section.7}{\376\377\000G\000r\000a\000v\000i\000t\000a\000t\000i\000o\000n\000a\000l\000\040\000F\000i\000e\000l\000d}{part.2}% 44
\BOOKMARK [2][-]{subsection.7.1}{\376\377\000G\000r\000a\000v\000i\000t\000a\000t\000i\000o\000n\000a\000l\000\040\000f\000o\000r\000c\000e}{section.7}% 45
\BOOKMARK [2][-]{subsection.7.2}{\376\377\000G\000r\000a\000v\000i\000t\000a\000t\000i\000o\000n\000a\000l\000\040\000f\000i\000e\000l\000d}{section.7}% 46
\BOOKMARK [2][-]{subsection.7.3}{\376\377\000G\000r\000a\000v\000i\000t\000a\000t\000i\000o\000n\000a\000l\000\040\000p\000o\000t\000e\000n\000t\000i\000a\000l\000\040\000e\000n\000e\000r\000g\000y}{section.7}% 47
\BOOKMARK [2][-]{subsection.7.4}{\376\377\000R\000e\000l\000a\000t\000i\000o\000n\000s\000h\000i\000p\000\040\000s\000u\000m\000m\000a\000r\000y}{section.7}% 48
\BOOKMARK [2][-]{subsection.7.5}{\376\377\000G\000r\000a\000p\000h\000s}{section.7}% 49
\BOOKMARK [3][-]{subsubsection.7.5.1}{\376\377\000F\000o\000r\000c\000e\000-\000d\000i\000s\000t\000a\000n\000c\000e}{subsection.7.5}% 50
\BOOKMARK [3][-]{subsubsection.7.5.2}{\376\377\000F\000i\000e\000l\000d\000-\000d\000i\000s\000t\000a\000n\000c\000e}{subsection.7.5}% 51
\BOOKMARK [3][-]{subsubsection.7.5.3}{\376\377\000E\000n\000e\000r\000g\000y\000-\000d\000i\000s\000t\000a\000n\000c\000e}{subsection.7.5}% 52
\BOOKMARK [3][-]{subsubsection.7.5.4}{\376\377\000P\000o\000t\000e\000n\000t\000i\000a\000l\000-\000d\000i\000s\000t\000a\000n\000c\000e}{subsection.7.5}% 53
\BOOKMARK [2][-]{subsection.7.6}{\376\377\000A\000p\000p\000l\000i\000c\000a\000t\000i\000o\000n\000s}{section.7}% 54
\BOOKMARK [3][-]{subsubsection.7.6.1}{\376\377\000O\000r\000b\000i\000t\000\040\000v\000e\000l\000o\000c\000i\000t\000y}{subsection.7.6}% 55
\BOOKMARK [3][-]{subsubsection.7.6.2}{\376\377\000K\000i\000n\000e\000t\000i\000c\000\040\000e\000n\000e\000r\000g\000y}{subsection.7.6}% 56
\BOOKMARK [3][-]{subsubsection.7.6.3}{\376\377\000K\000e\000p\000l\000e\000r\000'\000s\000\040\000T\000h\000i\000r\000d\000\040\000L\000a\000w}{subsection.7.6}% 57
\BOOKMARK [3][-]{subsubsection.7.6.4}{\376\377\000E\000s\000c\000a\000p\000e\000\040\000s\000p\000e\000e\000d}{subsection.7.6}% 58
\BOOKMARK [3][-]{subsubsection.7.6.5}{\376\377\000G\000e\000o\000s\000t\000a\000t\000i\000o\000n\000a\000r\000y\000\040\000s\000a\000t\000e\000l\000l\000i\000t\000e}{subsection.7.6}% 59
\BOOKMARK [3][-]{subsubsection.7.6.6}{\376\377\000B\000i\000n\000a\000r\000y\000\040\000s\000t\000a\000r\000\040\000s\000y\000s\000t\000e\000m}{subsection.7.6}% 60
\BOOKMARK [2][-]{subsection.7.7}{\376\377\000P\000r\000o\000b\000l\000e\000m\000s}{section.7}% 61
\BOOKMARK [0][-]{part.3}{\376\377\000I\000I\000I\000\040\000T\000h\000e\000r\000m\000a\000l\000\040\000P\000h\000y\000s\000i\000c\000s}{}% 62
\BOOKMARK [1][-]{section.8}{\376\377\000T\000e\000m\000p\000e\000r\000a\000t\000u\000r\000e\000\040\000a\000n\000d\000\040\000I\000d\000e\000a\000l\000\040\000G\000a\000s\000e\000s}{part.3}% 63
\BOOKMARK [2][-]{subsection.8.1}{\376\377\000T\000h\000e\000r\000m\000a\000l\000\040\000E\000q\000u\000i\000l\000i\000b\000r\000i\000u\000m}{section.8}% 64
\BOOKMARK [2][-]{subsection.8.2}{\376\377\000T\000e\000m\000p\000e\000r\000a\000t\000u\000r\000e\000\040\000S\000c\000a\000l\000e\000s}{section.8}% 65
\BOOKMARK [3][-]{subsubsection.8.2.1}{\376\377\000E\000m\000p\000i\000r\000i\000c\000a\000l\000\040\000S\000c\000a\000l\000e}{subsection.8.2}% 66
\BOOKMARK [3][-]{subsubsection.8.2.2}{\376\377\000T\000h\000e\000r\000m\000o\000d\000y\000n\000a\000m\000i\000c\000\040\000s\000c\000a\000l\000e}{subsection.8.2}% 67
\BOOKMARK [2][-]{subsection.8.3}{\376\377\000E\000q\000u\000a\000t\000i\000o\000n\000\040\000o\000f\000\040\000S\000t\000a\000t\000e}{section.8}% 68
\BOOKMARK [2][-]{subsection.8.4}{\376\377\000K\000i\000n\000e\000t\000i\000c\000\040\000t\000h\000e\000o\000r\000y\000\040\000o\000f\000\040\000g\000a\000s\000e\000s}{section.8}% 69
\BOOKMARK [1][-]{section.9}{\376\377\000F\000i\000r\000s\000t\000\040\000L\000a\000w\000\040\000o\000f\000\040\000T\000h\000e\000r\000m\000o\000d\000y\000n\000a\000m\000i\000c\000s}{part.3}% 70
\BOOKMARK [2][-]{subsection.9.1}{\376\377\000S\000p\000e\000c\000i\000f\000i\000c\000\040\000H\000e\000a\000t\000\040\000C\000a\000p\000a\000c\000i\000t\000y\000,\000\040\000L\000a\000t\000e\000n\000t\000\040\000H\000e\000a\000t}{section.9}% 71
\BOOKMARK [2][-]{subsection.9.2}{\376\377\000I\000n\000t\000e\000r\000n\000a\000l\000\040\000E\000n\000e\000r\000g\000y}{section.9}% 72
\BOOKMARK [2][-]{subsection.9.3}{\376\377\000F\000i\000r\000s\000t\000\040\000L\000a\000w\000\040\000o\000f\000\040\000T\000h\000e\000r\000m\000o\000d\000y\000n\000a\000m\000i\000c\000s}{section.9}% 73
\BOOKMARK [3][-]{subsubsection.9.3.1}{\376\377\000T\000h\000e\000r\000m\000o\000d\000y\000n\000a\000m\000i\000c\000\040\000p\000r\000o\000c\000e\000s\000s\000e\000s}{subsection.9.3}% 74
\BOOKMARK [0][-]{part.4}{\376\377\000I\000V\000\040\000O\000s\000c\000i\000l\000l\000a\000t\000i\000o\000n\000\040\000a\000n\000d\000\040\000W\000a\000v\000e\000s}{}% 75
\BOOKMARK [1][-]{section.10}{\376\377\000O\000s\000c\000i\000l\000l\000a\000t\000i\000o\000n\000s}{part.4}% 76
\BOOKMARK [2][-]{subsection.10.1}{\376\377\000K\000i\000n\000e\000m\000a\000t\000i\000c\000s}{section.10}% 77
\BOOKMARK [2][-]{subsection.10.2}{\376\377\000E\000n\000e\000r\000g\000y}{section.10}% 78
\BOOKMARK [2][-]{subsection.10.3}{\376\377\000S\000i\000m\000p\000l\000e\000\040\000h\000a\000r\000m\000o\000n\000i\000c\000\040\000m\000o\000t\000i\000o\000n}{section.10}% 79
\BOOKMARK [3][-]{subsubsection.10.3.1}{\376\377\000E\000x\000a\000m\000p\000l\000e\000s}{subsection.10.3}% 80
\BOOKMARK [2][-]{subsection.10.4}{\376\377\000D\000a\000m\000p\000e\000d\000\040\000o\000s\000c\000i\000l\000l\000a\000t\000i\000o\000n}{section.10}% 81
\BOOKMARK [2][-]{subsection.10.5}{\376\377\000F\000o\000r\000c\000e\000d\000\040\000o\000s\000c\000i\000l\000l\000a\000t\000i\000o\000n}{section.10}% 82
\BOOKMARK [2][-]{subsection.10.6}{\376\377\000R\000e\000s\000o\000n\000a\000n\000c\000e}{section.10}% 83
\BOOKMARK [1][-]{section.11}{\376\377\000W\000a\000v\000e\000\040\000M\000o\000t\000i\000o\000n}{part.4}% 84
\BOOKMARK [2][-]{subsection.11.1}{\376\377\000P\000r\000o\000g\000r\000e\000s\000s\000i\000v\000e\000\040\000W\000a\000v\000e\000s}{section.11}% 85
\BOOKMARK [3][-]{subsubsection.11.1.1}{\376\377\000K\000e\000y\000\040\000T\000e\000r\000m\000s}{subsection.11.1}% 86
\BOOKMARK [3][-]{subsubsection.11.1.2}{\376\377\000T\000r\000a\000n\000s\000v\000e\000r\000s\000e\000\040\000a\000n\000d\000\040\000L\000o\000n\000g\000i\000t\000u\000d\000i\000n\000a\000l\000\040\000W\000a\000v\000e\000s}{subsection.11.1}% 87
\BOOKMARK [3][-]{subsubsection.11.1.3}{\376\377\000G\000r\000a\000p\000h\000i\000c\000a\000l\000\040\000R\000e\000p\000r\000e\000s\000e\000n\000t\000a\000t\000i\000o\000n\000s}{subsection.11.1}% 88
\BOOKMARK [3][-]{subsubsection.11.1.4}{\376\377\000P\000h\000a\000s\000e\000\040\000a\000n\000d\000\040\000P\000h\000a\000s\000e\000\040\000D\000i\000f\000f\000e\000r\000e\000n\000c\000e}{subsection.11.1}% 89
\BOOKMARK [3][-]{subsubsection.11.1.5}{\376\377\000E\000n\000e\000r\000g\000y\000,\000\040\000I\000n\000t\000e\000n\000s\000i\000t\000y}{subsection.11.1}% 90
\BOOKMARK [2][-]{subsection.11.2}{\376\377\000P\000o\000l\000a\000r\000i\000s\000a\000t\000i\000o\000n}{section.11}% 91
\BOOKMARK [3][-]{subsubsection.11.2.1}{\376\377\000U\000n\000p\000o\000l\000a\000r\000i\000s\000e\000d\000\040\000w\000a\000v\000e}{subsection.11.2}% 92
\BOOKMARK [3][-]{subsubsection.11.2.2}{\376\377\000P\000o\000l\000a\000r\000i\000s\000e\000d\000\040\000w\000a\000v\000e}{subsection.11.2}% 93
\BOOKMARK [2][-]{subsection.11.3}{\376\377\000C\000a\000t\000h\000o\000d\000e\000\040\000R\000a\000y\000\040\000O\000s\000c\000i\000l\000l\000o\000s\000c\000o\000p\000e\000\040\000\050\000c\000.\000r\000.\000o\000.\000\051}{section.11}% 94
\BOOKMARK [1][-]{section.12}{\376\377\000S\000u\000p\000e\000r\000p\000o\000s\000i\000t\000i\000o\000n}{part.4}% 95
\BOOKMARK [2][-]{subsection.12.1}{\376\377\000P\000r\000i\000n\000c\000i\000p\000l\000e\000\040\000o\000f\000\040\000S\000u\000p\000e\000r\000p\000o\000s\000i\000t\000i\000o\000n}{section.12}% 96
\BOOKMARK [2][-]{subsection.12.2}{\376\377\000S\000t\000a\000t\000i\000o\000n\000a\000r\000y\000\040\000W\000a\000v\000e\000s}{section.12}% 97
\BOOKMARK [3][-]{subsubsection.12.2.1}{\376\377\000T\000r\000a\000n\000s\000v\000e\000r\000s\000e\000\040\000s\000t\000a\000t\000i\000o\000n\000a\000r\000y\000\040\000w\000a\000v\000e\000s}{subsection.12.2}% 98
\BOOKMARK [3][-]{subsubsection.12.2.2}{\376\377\000L\000o\000n\000g\000i\000t\000u\000d\000i\000n\000a\000l\000\040\000s\000t\000a\000t\000i\000o\000n\000a\000r\000y\000\040\000w\000a\000v\000e\000s}{subsection.12.2}% 99
\BOOKMARK [2][-]{subsection.12.3}{\376\377\000D\000i\000f\000f\000r\000a\000c\000t\000i\000o\000n}{section.12}% 100
\BOOKMARK [3][-]{subsubsection.12.3.1}{\376\377\000S\000i\000n\000g\000l\000e\000\040\000s\000l\000i\000t\000\040\000d\000i\000f\000f\000r\000a\000c\000t\000i\000o\000n}{subsection.12.3}% 101
\BOOKMARK [2][-]{subsection.12.4}{\376\377\000I\000n\000t\000e\000r\000f\000e\000r\000e\000n\000c\000e}{section.12}% 102
\BOOKMARK [3][-]{subsubsection.12.4.1}{\376\377\000Y\000o\000u\000n\000g\000'\000s\000\040\000d\000o\000u\000b\000l\000e\000\040\000s\000l\000i\000t\000\040\000d\000i\000f\000f\000r\000a\000c\000t\000i\000o\000n}{subsection.12.4}% 103
\BOOKMARK [2][-]{subsection.12.5}{\376\377\000D\000i\000f\000f\000r\000a\000c\000t\000i\000o\000n\000\040\000G\000r\000a\000t\000i\000n\000g}{section.12}% 104
\BOOKMARK [0][-]{part.5}{\376\377\000V\000\040\000E\000l\000e\000c\000t\000r\000i\000c\000i\000t\000y\000\040\000a\000n\000d\000\040\000M\000a\000g\000n\000e\000t\000i\000s\000m}{}% 105
\BOOKMARK [1][-]{section.13}{\376\377\000E\000l\000e\000c\000t\000r\000i\000c\000\040\000F\000i\000e\000l\000d\000s}{part.5}% 106
\BOOKMARK [2][-]{subsection.13.1}{\376\377\000P\000a\000r\000a\000l\000l\000e\000l\000\040\000p\000l\000a\000t\000e\000s}{section.13}% 107
\BOOKMARK [3][-]{subsubsection.13.1.1}{\376\377\000C\000h\000a\000r\000g\000e\000\040\000M\000o\000v\000i\000n\000g\000\040\000P\000e\000r\000p\000e\000n\000d\000i\000c\000u\000l\000a\000r\000l\000y\000\040\000t\000o\000\040\000a\000n\000\040\000E\000l\000e\000c\000t\000r\000i\000c\000\040\000F\000i\000e\000l\000d}{subsection.13.1}% 108
\BOOKMARK [3][-]{subsubsection.13.1.2}{\376\377\000M\000i\000l\000l\000i\000k\000a\000n\000'\000s\000\040\000o\000i\000l\000\040\000d\000r\000o\000p}{subsection.13.1}% 109
\BOOKMARK [1][-]{section.14}{\376\377\000C\000u\000r\000r\000e\000n\000t\000\040\000o\000f\000\040\000E\000l\000e\000c\000t\000r\000i\000c\000i\000t\000y}{part.5}% 110
\BOOKMARK [2][-]{subsection.14.1}{\376\377\000E\000l\000e\000c\000t\000r\000i\000c\000\040\000c\000u\000r\000r\000e\000n\000t}{section.14}% 111
\BOOKMARK [2][-]{subsection.14.2}{\376\377\000P\000o\000t\000e\000n\000t\000i\000a\000l\000\040\000d\000i\000f\000f\000e\000r\000e\000n\000c\000e\000\040\000a\000n\000d\000\040\000e\000l\000e\000c\000t\000r\000o\000m\000o\000t\000i\000v\000e\000\040\000f\000o\000r\000c\000e}{section.14}% 112
\BOOKMARK [2][-]{subsection.14.3}{\376\377\000R\000e\000s\000i\000s\000t\000a\000n\000c\000e}{section.14}% 113
\BOOKMARK [2][-]{subsection.14.4}{\376\377\000I\000-\000V\000\040\000c\000h\000a\000r\000a\000c\000t\000e\000r\000i\000s\000t\000i\000c\000s}{section.14}% 114
\BOOKMARK [3][-]{subsubsection.14.4.1}{\376\377\000O\000h\000m\000i\000c\000\040\000r\000e\000s\000i\000s\000t\000o\000r}{subsection.14.4}% 115
\BOOKMARK [3][-]{subsubsection.14.4.2}{\376\377\000F\000i\000l\000a\000m\000e\000n\000t\000\040\000l\000a\000m\000p}{subsection.14.4}% 116
\BOOKMARK [3][-]{subsubsection.14.4.3}{\376\377\000S\000e\000m\000i\000c\000o\000n\000d\000u\000c\000t\000o\000r\000\040\000d\000i\000o\000d\000e}{subsection.14.4}% 117
\BOOKMARK [3][-]{subsubsection.14.4.4}{\376\377\000N\000e\000g\000a\000t\000i\000v\000e\000\040\000T\000e\000m\000p\000e\000r\000a\000t\000u\000r\000e\000\040\000C\000o\000e\000f\000f\000i\000c\000i\000e\000n\000t\000\040\000\050\000N\000T\000C\000\051\000\040\000t\000h\000e\000r\000m\000i\000s\000t\000o\000r}{subsection.14.4}% 118
\BOOKMARK [3][-]{subsubsection.14.4.5}{\376\377\000L\000i\000g\000h\000t\000\040\000D\000e\000p\000e\000n\000d\000e\000n\000t\000\040\000R\000e\000s\000i\000s\000t\000o\000r\000\040\000\050\000L\000D\000R\000\051}{subsection.14.4}% 119
\BOOKMARK [2][-]{subsection.14.5}{\376\377\000P\000o\000w\000e\000r}{section.14}% 120
\BOOKMARK [2][-]{subsection.14.6}{\376\377\000I\000n\000t\000e\000r\000n\000a\000l\000\040\000r\000e\000s\000i\000s\000t\000a\000n\000c\000e}{section.14}% 121
\BOOKMARK [1][-]{section.15}{\376\377\000D\000.\000C\000.\000\040\000C\000i\000r\000c\000u\000i\000t\000s}{part.5}% 122
\BOOKMARK [2][-]{subsection.15.1}{\376\377\000C\000i\000r\000c\000u\000i\000t\000\040\000s\000y\000m\000b\000o\000l\000s\000\040\000a\000n\000d\000\040\000d\000i\000a\000g\000r\000a\000m\000s}{section.15}% 123
\BOOKMARK [2][-]{subsection.15.2}{\376\377\000S\000e\000r\000i\000e\000s\000\040\000a\000n\000d\000\040\000p\000a\000r\000a\000l\000l\000e\000l\000\040\000a\000r\000r\000a\000n\000g\000e\000m\000e\000n\000t\000s}{section.15}% 124
\BOOKMARK [3][-]{subsubsection.15.2.1}{\376\377\000C\000u\000r\000r\000e\000n\000t}{subsection.15.2}% 125
\BOOKMARK [3][-]{subsubsection.15.2.2}{\376\377\000V\000o\000l\000t\000a\000g\000e}{subsection.15.2}% 126
\BOOKMARK [3][-]{subsubsection.15.2.3}{\376\377\000R\000e\000s\000i\000s\000t\000a\000n\000c\000e}{subsection.15.2}% 127
\BOOKMARK [3][-]{subsubsection.15.2.4}{\376\377\000M\000e\000a\000s\000u\000r\000i\000n\000g\000\040\000i\000n\000s\000t\000r\000u\000m\000e\000n\000t\000s}{subsection.15.2}% 128
\BOOKMARK [2][-]{subsection.15.3}{\376\377\000P\000o\000t\000e\000n\000t\000i\000a\000l\000\040\000d\000i\000v\000i\000d\000e\000r}{section.15}% 129
\BOOKMARK [3][-]{subsubsection.15.3.1}{\376\377\000P\000o\000t\000e\000n\000t\000i\000o\000m\000e\000t\000e\000r}{subsection.15.3}% 130
\BOOKMARK [3][-]{subsubsection.15.3.2}{\376\377\000W\000h\000e\000a\000t\000s\000t\000o\000n\000e\000\040\000b\000r\000i\000d\000g\000e}{subsection.15.3}% 131
\BOOKMARK [1][-]{section.16}{\376\377\000E\000l\000e\000c\000t\000r\000o\000m\000a\000g\000n\000e\000t\000i\000s\000m}{part.5}% 132
\BOOKMARK [2][-]{subsection.16.1}{\376\377\000C\000o\000n\000c\000e\000p\000t\000\040\000o\000f\000\040\000a\000\040\000m\000a\000g\000n\000e\000t\000i\000c\000\040\000f\000i\000e\000l\000d}{section.16}% 133
\BOOKMARK [3][-]{subsubsection.16.1.1}{\376\377\000M\000a\000g\000n\000e\000t\000i\000c\000\040\000f\000i\000e\000l\000d\000\040\000l\000i\000n\000e\000s}{subsection.16.1}% 134
\BOOKMARK [3][-]{subsubsection.16.1.2}{\376\377\000M\000a\000g\000n\000e\000t\000i\000c\000\040\000F\000l\000u\000x\000\040\000P\000a\000t\000t\000e\000r\000n\000s}{subsection.16.1}% 135
\BOOKMARK [2][-]{subsection.16.2}{\376\377\000M\000a\000g\000n\000e\000t\000i\000c\000\040\000f\000o\000r\000c\000e}{section.16}% 136
\BOOKMARK [3][-]{subsubsection.16.2.1}{\376\377\000F\000o\000r\000c\000e\000\040\000o\000n\000\040\000a\000\040\000c\000u\000r\000r\000e\000n\000t\000-\000c\000a\000r\000r\000y\000i\000n\000g\000\040\000c\000o\000n\000d\000u\000c\000t\000o\000r}{subsection.16.2}% 137
\BOOKMARK [3][-]{subsubsection.16.2.2}{\376\377\000F\000o\000r\000c\000e\000\040\000b\000e\000t\000w\000e\000e\000n\000\040\000c\000u\000r\000r\000e\000n\000t\000-\000c\000a\000r\000r\000y\000i\000n\000g\000\040\000c\000o\000n\000d\000u\000c\000t\000o\000r\000s}{subsection.16.2}% 138
\BOOKMARK [3][-]{subsubsection.16.2.3}{\376\377\000F\000o\000r\000c\000e\000\040\000o\000n\000\040\000a\000\040\000m\000o\000v\000i\000n\000g\000\040\000c\000h\000a\000r\000g\000e}{subsection.16.2}% 139
\BOOKMARK [3][-]{subsubsection.16.2.4}{\376\377\000C\000i\000r\000c\000u\000l\000a\000t\000i\000n\000g\000\040\000C\000h\000a\000r\000g\000e}{subsection.16.2}% 140
\BOOKMARK [3][-]{subsubsection.16.2.5}{\376\377\000U\000s\000e\000\040\000o\000f\000\040\000C\000r\000o\000s\000s\000e\000d\000\040\000F\000i\000e\000l\000d\000s}{subsection.16.2}% 141
\BOOKMARK [1][-]{section.17}{\376\377\000E\000l\000e\000c\000t\000r\000o\000m\000a\000g\000n\000e\000t\000i\000c\000\040\000I\000n\000d\000u\000c\000t\000i\000o\000n}{part.5}% 142
\BOOKMARK [2][-]{subsection.17.1}{\376\377\000M\000a\000g\000n\000e\000t\000i\000c\000\040\000f\000l\000u\000x}{section.17}% 143
\BOOKMARK [2][-]{subsection.17.2}{\376\377\000L\000a\000w\000s\000\040\000o\000f\000\040\000e\000l\000e\000c\000t\000r\000o\000m\000a\000g\000n\000e\000t\000i\000c\000\040\000i\000n\000d\000u\000c\000t\000i\000o\000n}{section.17}% 144
\BOOKMARK [3][-]{subsubsection.17.2.1}{\376\377\000M\000o\000t\000i\000o\000n\000a\000l\000\040\000e\000.\000m\000.\000f\000.\000\040\000\050\000C\000u\000t\000t\000i\000n\000g\000\040\000o\000f\000\040\000m\000a\000g\000n\000e\000t\000i\000c\000\040\000f\000i\000e\000l\000d\000\051}{subsection.17.2}% 145
\BOOKMARK [2][-]{subsection.17.3}{\376\377\000A\000p\000p\000l\000i\000c\000a\000t\000i\000o\000n\000s}{section.17}% 146
\BOOKMARK [3][-]{subsubsection.17.3.1}{\376\377\000G\000e\000n\000e\000r\000a\000t\000o\000r}{subsection.17.3}% 147
\BOOKMARK [3][-]{subsubsection.17.3.2}{\376\377\000E\000d\000d\000y\000\040\000c\000u\000r\000r\000e\000n\000t\000s}{subsection.17.3}% 148
\BOOKMARK [1][-]{section.18}{\376\377\000A\000l\000t\000e\000r\000n\000a\000t\000i\000n\000g\000\040\000C\000u\000r\000r\000e\000n\000t}{part.5}% 149
\BOOKMARK [2][-]{subsection.18.1}{\376\377\000C\000h\000a\000r\000a\000c\000t\000e\000r\000i\000s\000t\000i\000c\000s}{section.18}% 150
\BOOKMARK [2][-]{subsection.18.2}{\376\377\000T\000r\000a\000n\000s\000f\000o\000r\000m\000e\000r}{section.18}% 151
\BOOKMARK [3][-]{subsubsection.18.2.1}{\376\377\000F\000u\000n\000c\000t\000i\000o\000n\000i\000n\000g}{subsection.18.2}% 152
\BOOKMARK [3][-]{subsubsection.18.2.2}{\376\377\000T\000u\000r\000n\000s\000\040\000r\000a\000t\000i\000o}{subsection.18.2}% 153
\BOOKMARK [3][-]{subsubsection.18.2.3}{\376\377\000P\000o\000w\000e\000r\000\040\000l\000o\000s\000s}{subsection.18.2}% 154
\BOOKMARK [2][-]{subsection.18.3}{\376\377\000R\000e\000c\000t\000i\000f\000i\000c\000a\000t\000i\000o\000n\000\040\000w\000i\000t\000h\000\040\000a\000\040\000d\000i\000o\000d\000e}{section.18}% 155
\BOOKMARK [0][-]{part.6}{\376\377\000V\000I\000\040\000M\000o\000d\000e\000r\000n\000\040\000P\000h\000y\000s\000i\000c\000s}{}% 156
\BOOKMARK [1][-]{section.19}{\376\377\000Q\000u\000a\000n\000t\000u\000m\000\040\000P\000h\000y\000s\000i\000c\000s}{part.6}% 157
\BOOKMARK [2][-]{subsection.19.1}{\376\377\000P\000h\000o\000t\000o\000e\000l\000e\000c\000t\000r\000i\000c\000\040\000e\000f\000f\000e\000c\000t}{section.19}% 158
\BOOKMARK [2][-]{subsection.19.2}{\376\377\000E\000n\000e\000r\000g\000y\000\040\000o\000f\000\040\000a\000\040\000p\000h\000o\000t\000o\000n}{section.19}% 159
\BOOKMARK [2][-]{subsection.19.3}{\376\377\000W\000a\000v\000e\000-\000p\000a\000r\000t\000i\000c\000l\000e\000\040\000d\000u\000a\000l\000i\000t\000y}{section.19}% 160
\BOOKMARK [2][-]{subsection.19.4}{\376\377\000E\000n\000e\000r\000g\000y\000\040\000l\000e\000v\000e\000l\000s\000\040\000i\000n\000\040\000a\000t\000o\000m\000s}{section.19}% 161
\BOOKMARK [2][-]{subsection.19.5}{\376\377\000L\000i\000n\000e\000\040\000s\000p\000e\000c\000t\000r\000a}{section.19}% 162
\BOOKMARK [2][-]{subsection.19.6}{\376\377\000X\000-\000r\000a\000y\000\040\000s\000p\000e\000c\000t\000r\000a}{section.19}% 163
\BOOKMARK [2][-]{subsection.19.7}{\376\377\000U\000n\000c\000e\000r\000t\000a\000i\000n\000t\000y\000\040\000p\000r\000i\000n\000c\000i\000p\000l\000e}{section.19}% 164
\BOOKMARK [1][-]{section.20}{\376\377\000N\000u\000c\000l\000e\000a\000r\000\040\000P\000h\000y\000s\000i\000c\000s}{part.6}% 165
\BOOKMARK [2][-]{subsection.20.1}{\376\377\000T\000h\000e\000\040\000n\000u\000c\000l\000e\000u\000s}{section.20}% 166
\BOOKMARK [2][-]{subsection.20.2}{\376\377\000I\000s\000o\000t\000o\000p\000e\000s}{section.20}% 167
\BOOKMARK [2][-]{subsection.20.3}{\376\377\000N\000u\000c\000l\000e\000a\000r\000\040\000p\000r\000o\000c\000e\000s\000s\000e\000s}{section.20}% 168
\BOOKMARK [2][-]{subsection.20.4}{\376\377\000M\000a\000s\000s\000\040\000d\000e\000f\000e\000c\000t\000\040\000a\000n\000d\000\040\000n\000u\000c\000l\000e\000a\000r\000\040\000b\000i\000n\000d\000i\000n\000g\000\040\000e\000n\000e\000r\000g\000y}{section.20}% 169
\BOOKMARK [2][-]{subsection.20.5}{\376\377\000R\000a\000d\000i\000o\000a\000c\000t\000i\000v\000e\000\040\000d\000e\000c\000a\000y}{section.20}% 170
\BOOKMARK [2][-]{subsection.20.6}{\376\377\000B\000i\000o\000l\000o\000g\000i\000c\000a\000l\000\040\000e\000f\000f\000e\000c\000t\000s\000\040\000o\000f\000\040\000r\000a\000d\000i\000a\000t\000i\000o\000n}{section.20}% 171
\BOOKMARK [1][-]{appendix.A}{\376\377\000D\000e\000r\000i\000v\000a\000t\000i\000o\000n\000s}{part.6}% 172
\BOOKMARK [2][-]{subsection.A.1}{\376\377\000K\000i\000n\000e\000m\000a\000t\000i\000c\000s}{appendix.A}% 173
\BOOKMARK [2][-]{subsection.A.2}{\376\377\000F\000o\000r\000c\000e\000s}{appendix.A}% 174
\BOOKMARK [2][-]{subsection.A.3}{\376\377\000W\000o\000r\000k\000,\000\040\000E\000n\000e\000r\000g\000y\000,\000\040\000P\000o\000w\000e\000r}{appendix.A}% 175
\BOOKMARK [2][-]{subsection.A.4}{\376\377\000C\000i\000r\000c\000u\000l\000a\000r\000\040\000m\000o\000t\000i\000o\000n}{appendix.A}% 176
\BOOKMARK [2][-]{subsection.A.5}{\376\377\000G\000r\000a\000v\000i\000t\000a\000t\000i\000o\000n\000a\000l\000\040\000F\000i\000e\000l\000d}{appendix.A}% 177
\BOOKMARK [2][-]{subsection.A.6}{\376\377\000T\000e\000m\000p\000e\000r\000a\000t\000u\000r\000e\000\040\000a\000n\000d\000\040\000I\000d\000e\000a\000l\000\040\000G\000a\000s\000e\000s}{appendix.A}% 178
\BOOKMARK [2][-]{subsection.A.7}{\376\377\000O\000s\000c\000i\000l\000l\000a\000t\000i\000o\000n\000s}{appendix.A}% 179
\BOOKMARK [2][-]{subsection.A.8}{\376\377\000W\000a\000v\000e\000\040\000M\000o\000t\000i\000o\000n}{appendix.A}% 180
\BOOKMARK [2][-]{subsection.A.9}{\376\377\000C\000u\000r\000r\000e\000n\000t\000\040\000o\000f\000\040\000E\000l\000e\000c\000t\000r\000i\000c\000i\000t\000y}{appendix.A}% 181
\BOOKMARK [1][-]{appendix.B}{\376\377\000S\000u\000m\000m\000a\000r\000y\000\040\000o\000f\000\040\000K\000e\000y\000\040\000Q\000u\000a\000n\000t\000i\000t\000i\000e\000s\000,\000\040\000S\000y\000m\000b\000o\000l\000s\000\040\000a\000n\000d\000\040\000U\000n\000i\000t\000s}{part.6}% 182
